<?xml version="1.0" encoding="UTF-8"?>
<!-- Generated by org.testng.reporters.JUnitReportReporter -->
<testsuite skipped="0" hostname="BRIMACLAP086" name="com.test.automation.pages.ContactUsPageTest" tests="1" failures="0" timestamp="02 May 2020 11:45:58 GMT" time="8.934" errors="0">
  <testcase name="loginPageTest" time="8.934" classname="com.test.automation.pages.ContactUsPageTest"/>
</testsuite> <!-- com.test.automation.pages.ContactUsPageTest -->
