<?xml version="1.0" encoding="UTF-8"?>
<!-- Generated by org.testng.reporters.JUnitReportReporter -->
<testsuite skipped="0" hostname="BRIMACLAP086" name="com.test.automation.pages.SignupPageTest" tests="4" failures="0" timestamp="02 May 2020 11:45:58 GMT" time="0.001" errors="0">
  <testcase name="signUpFormFour" time="0.000" classname="com.test.automation.pages.SignupPageTest"/>
  <testcase name="signUpFormThree" time="0.001" classname="com.test.automation.pages.SignupPageTest"/>
  <testcase name="signUpFormOne" time="0.000" classname="com.test.automation.pages.SignupPageTest"/>
  <testcase name="signUpFormTwo" time="0.000" classname="com.test.automation.pages.SignupPageTest"/>
</testsuite> <!-- com.test.automation.pages.SignupPageTest -->
