<?xml version="1.0" encoding="UTF-8"?>
<!-- Generated by org.testng.reporters.JUnitReportReporter -->
<testsuite skipped="0" hostname="BRIMACLAP086" name="com.test.automation.pages.RegistartionPageTest" tests="4" failures="0" timestamp="02 May 2020 11:45:58 GMT" time="0.000" errors="0">
  <testcase name="registartionFormFour" time="0.000" classname="com.test.automation.pages.RegistartionPageTest"/>
  <testcase name="registartionFormTwo" time="0.000" classname="com.test.automation.pages.RegistartionPageTest"/>
  <testcase name="registartionFormOne" time="0.000" classname="com.test.automation.pages.RegistartionPageTest"/>
  <testcase name="registartionFormThree" time="0.000" classname="com.test.automation.pages.RegistartionPageTest"/>
</testsuite> <!-- com.test.automation.pages.RegistartionPageTest -->
